# JRE version: OpenJDK Runtime Environment (11.0.13) (build 11.0.13+0-b1751.21-8125866)
# Java VM: OpenJDK 64-Bit Server VM (11.0.13+0-b1751.21-8125866, mixed mode, tiered, compressed oops, g1 gc, windows-amd64)
Heap:
 garbage-first heap   total 155648K, used 21208K [0x0000000080000000, 0x0000000100000000)
  region size 1024K, 5 young (5120K), 5 survivors (5120K)
 Metaspace       used 32369K, capacity 33102K, committed 33200K, reserved 1085440K
  class space    used 4260K, capacity 4520K, committed 4608K, reserved 1048576K
GC Heap History (16 events):
Event: 0.393 GC heap before
{Heap before GC invocations=0 (full 0):
 garbage-first heap   total 155648K, used 7168K [0x0000000080000000, 0x0000000100000000)
  region size 1024K, 7 young (7168K), 0 survivors (0K)
 Metaspace       used 6126K, capacity 6261K, committed 6528K, reserved 1056768K
  class space    used 527K, capacity 578K, committed 640K, reserved 1048576K
}
Event: 0.396 GC heap after
{Heap after GC invocations=1 (full 0):
 garbage-first heap   total 155648K, used 1405K [0x0000000080000000, 0x0000000100000000)
  region size 1024K, 1 young (1024K), 1 survivors (1024K)
 Metaspace       used 6126K, capacity 6261K, committed 6528K, reserved 1056768K
  class space    used 527K, capacity 578K, committed 640K, reserved 1048576K
}
Event: 4.265 GC heap before
{Heap before GC invocations=1 (full 0):
 garbage-first heap   total 155648K, used 99709K [0x0000000080000000, 0x0000000100000000)
  region size 1024K, 91 young (93184K), 1 survivors (1024K)
 Metaspace       used 17752K, capacity 18165K, committed 18432K, reserved 1064960K
  class space    used 2068K, capacity 2211K, committed 2304K, reserved 1048576K
}
Event: 4.281 GC heap after
{Heap after GC invocations=2 (full 0):
 garbage-first heap   total 155648K, used 16150K [0x0000000080000000, 0x0000000100000000)
  region size 1024K, 12 young (12288K), 12 survivors (12288K)
 Metaspace       used 17752K, capacity 18165K, committed 18432K, reserved 1064960K
  class space    used 2068K, capacity 2211K, committed 2304K, reserved 1048576K
}
Event: 4.400 GC heap before
{Heap before GC invocations=2 (full 0):
 garbage-first heap   total 155648K, used 21270K [0x0000000080000000, 0x0000000100000000)
  region size 1024K, 17 young (17408K), 12 survivors (12288K)
 Metaspace       used 18347K, capacity 18781K, committed 19072K, reserved 1067008K
  class space    used 2161K, capacity 2310K, committed 2432K, reserved 1048576K
}
Event: 4.413 GC heap after
{Heap after GC invocations=3 (full 0):
 garbage-first heap   total 155648K, used 17024K [0x0000000080000000, 0x0000000100000000)
  region size 1024K, 1 young (1024K), 1 survivors (1024K)
 Metaspace       used 18347K, capacity 18781K, committed 19072K, reserved 1067008K
  class space    used 2161K, capacity 2310K, committed 2432K, reserved 1048576K
}
Event: 5.726 GC heap before
{Heap before GC invocations=3 (full 0):
 garbage-first heap   total 155648K, used 33408K [0x0000000080000000, 0x0000000100000000)
  region size 1024K, 18 young (18432K), 1 survivors (1024K)
 Metaspace       used 20113K, capacity 20587K, committed 20864K, reserved 1067008K
  class space    used 2447K, capacity 2614K, committed 2688K, reserved 1048576K
}
Event: 5.735 GC heap after
{Heap after GC invocations=4 (full 0):
 garbage-first heap   total 155648K, used 16882K [0x0000000080000000, 0x0000000100000000)
  region size 1024K, 1 young (1024K), 1 survivors (1024K)
 Metaspace       used 20113K, capacity 20587K, committed 20864K, reserved 1067008K
  class space    used 2447K, capacity 2614K, committed 2688K, reserved 1048576K
}
Event: 9.048 GC heap before
{Heap before GC invocations=4 (full 0):
 garbage-first heap   total 155648K, used 20978K [0x0000000080000000, 0x0000000100000000)
  region size 1024K, 6 young (6144K), 1 survivors (1024K)
 Metaspace       used 20851K, capacity 21239K, committed 21296K, reserved 1069056K
  class space    used 2526K, capacity 2682K, committed 2688K, reserved 1048576K
}
Event: 9.050 GC heap after
{Heap after GC invocations=5 (full 0):
 garbage-first heap   total 155648K, used 16981K [0x0000000080000000, 0x0000000100000000)
  region size 1024K, 1 young (1024K), 1 survivors (1024K)
 Metaspace       used 20851K, capacity 21239K, committed 21296K, reserved 1069056K
  class space    used 2526K, capacity 2682K, committed 2688K, reserved 1048576K
}
Event: 14.587 GC heap before
{Heap before GC invocations=6 (full 0):
 garbage-first heap   total 155648K, used 50773K [0x0000000080000000, 0x0000000100000000)
  region size 1024K, 34 young (34816K), 1 survivors (1024K)
 Metaspace       used 24221K, capacity 24795K, committed 25008K, reserved 1071104K
  class space    used 3067K, capacity 3255K, committed 3328K, reserved 1048576K
}
Event: 14.592 GC heap after
{Heap after GC invocations=7 (full 0):
 garbage-first heap   total 155648K, used 18108K [0x0000000080000000, 0x0000000100000000)
  region size 1024K, 2 young (2048K), 2 survivors (2048K)
 Metaspace       used 24221K, capacity 24795K, committed 25008K, reserved 1071104K
  class space    used 3067K, capacity 3255K, committed 3328K, reserved 1048576K
}
Event: 25.835 GC heap before
{Heap before GC invocations=7 (full 0):
 garbage-first heap   total 155648K, used 63164K [0x0000000080000000, 0x0000000100000000)
  region size 1024K, 46 young (47104K), 2 survivors (2048K)
 Metaspace       used 28788K, capacity 29479K, committed 29616K, reserved 1075200K
  class space    used 3757K, capacity 3995K, committed 4096K, reserved 1048576K
}
Event: 25.849 GC heap after
{Heap after GC invocations=8 (full 0):
 garbage-first heap   total 155648K, used 19661K [0x0000000080000000, 0x0000000100000000)
  region size 1024K, 4 young (4096K), 4 survivors (4096K)
 Metaspace       used 28788K, capacity 29479K, committed 29616K, reserved 1075200K
  class space    used 3757K, capacity 3995K, committed 4096K, reserved 1048576K
}
Event: 31.059 GC heap before
{Heap before GC invocations=8 (full 0):
 garbage-first heap   total 155648K, used 48333K [0x0000000080000000, 0x0000000100000000)
  region size 1024K, 33 young (33792K), 4 survivors (4096K)
 Metaspace       used 32369K, capacity 33102K, committed 33200K, reserved 1083392K
  class space    used 4260K, capacity 4520K, committed 4608K, reserved 1048576K
}
Event: 31.070 GC heap after
{Heap after GC invocations=9 (full 0):
 garbage-first heap   total 155648K, used 21208K [0x0000000080000000, 0x0000000100000000)
  region size 1024K, 5 young (5120K), 5 survivors (5120K)
 Metaspace       used 32369K, capacity 33102K, committed 33200K, reserved 1083392K
  class space    used 4260K, capacity 4520K, committed 4608K, reserved 1048576K
}

