# JRE version: OpenJDK Runtime Environment (11.0.13) (build 11.0.13+0-b1751.21-8125866)
# Java VM: OpenJDK 64-Bit Server VM (11.0.13+0-b1751.21-8125866, mixed mode, tiered, compressed oops, g1 gc, windows-amd64)
Heap:
 garbage-first heap   total 225280K, used 115712K [0x0000000080000000, 0x0000000100000000)
  region size 1024K, 3 young (3072K), 2 survivors (2048K)
 Metaspace       used 127482K, capacity 130799K, committed 131024K, reserved 1163264K
  class space    used 15664K, capacity 16913K, committed 17024K, reserved 1048576K
GC Heap History (20 events):
Event: 2176.444 GC heap before
{Heap before GC invocations=37 (full 0):
 garbage-first heap   total 225280K, used 156070K [0x0000000080000000, 0x0000000100000000)
  region size 1024K, 57 young (58368K), 7 survivors (7168K)
 Metaspace       used 110703K, capacity 113290K, committed 113488K, reserved 1148928K
  class space    used 13598K, capacity 14572K, committed 14592K, reserved 1048576K
}
Event: 2176.465 GC heap after
{Heap after GC invocations=38 (full 0):
 garbage-first heap   total 225280K, used 114840K [0x0000000080000000, 0x0000000100000000)
  region size 1024K, 8 young (8192K), 8 survivors (8192K)
 Metaspace       used 110703K, capacity 113290K, committed 113488K, reserved 1148928K
  class space    used 13598K, capacity 14572K, committed 14592K, reserved 1048576K
}
Event: 2177.042 GC heap before
{Heap before GC invocations=38 (full 0):
 garbage-first heap   total 225280K, used 141464K [0x0000000080000000, 0x0000000100000000)
  region size 1024K, 35 young (35840K), 8 survivors (8192K)
 Metaspace       used 112250K, capacity 114860K, committed 115024K, reserved 1148928K
  class space    used 13766K, capacity 14773K, committed 14848K, reserved 1048576K
}
Event: 2177.053 GC heap after
{Heap after GC invocations=39 (full 0):
 garbage-first heap   total 225280K, used 114176K [0x0000000080000000, 0x0000000100000000)
  region size 1024K, 4 young (4096K), 4 survivors (4096K)
 Metaspace       used 112250K, capacity 114860K, committed 115024K, reserved 1148928K
  class space    used 13766K, capacity 14773K, committed 14848K, reserved 1048576K
}
Event: 2177.917 GC heap before
{Heap before GC invocations=40 (full 0):
 garbage-first heap   total 225280K, used 159232K [0x0000000080000000, 0x0000000100000000)
  region size 1024K, 47 young (48128K), 4 survivors (4096K)
 Metaspace       used 117884K, capacity 120641K, committed 120912K, reserved 1155072K
  class space    used 14513K, capacity 15566K, committed 15616K, reserved 1048576K
}
Event: 2177.937 GC heap after
{Heap after GC invocations=41 (full 0):
 garbage-first heap   total 225280K, used 120585K [0x0000000080000000, 0x0000000100000000)
  region size 1024K, 6 young (6144K), 6 survivors (6144K)
 Metaspace       used 117884K, capacity 120641K, committed 120912K, reserved 1155072K
  class space    used 14513K, capacity 15566K, committed 15616K, reserved 1048576K
}
Event: 2178.071 GC heap before
{Heap before GC invocations=41 (full 0):
 garbage-first heap   total 225280K, used 124681K [0x0000000080000000, 0x0000000100000000)
  region size 1024K, 11 young (11264K), 6 survivors (6144K)
 Metaspace       used 118641K, capacity 121498K, committed 121680K, reserved 1155072K
  class space    used 14624K, capacity 15753K, committed 15872K, reserved 1048576K
}
Event: 2178.094 GC heap after
{Heap after GC invocations=42 (full 0):
 garbage-first heap   total 225280K, used 116409K [0x0000000080000000, 0x0000000100000000)
  region size 1024K, 1 young (1024K), 1 survivors (1024K)
 Metaspace       used 118641K, capacity 121498K, committed 121680K, reserved 1155072K
  class space    used 14624K, capacity 15753K, committed 15872K, reserved 1048576K
}
Event: 2179.412 GC heap before
{Heap before GC invocations=42 (full 0):
 garbage-first heap   total 225280K, used 161465K [0x0000000080000000, 0x0000000100000000)
  region size 1024K, 46 young (47104K), 1 survivors (1024K)
 Metaspace       used 124653K, capacity 127791K, committed 128080K, reserved 1161216K
  class space    used 15345K, capacity 16570K, committed 16640K, reserved 1048576K
}
Event: 2179.426 GC heap after
{Heap after GC invocations=43 (full 0):
 garbage-first heap   total 225280K, used 117283K [0x0000000080000000, 0x0000000100000000)
  region size 1024K, 2 young (2048K), 2 survivors (2048K)
 Metaspace       used 124653K, capacity 127791K, committed 128080K, reserved 1161216K
  class space    used 15345K, capacity 16570K, committed 16640K, reserved 1048576K
}
Event: 2180.522 GC heap before
{Heap before GC invocations=44 (full 0):
 garbage-first heap   total 225280K, used 167459K [0x0000000080000000, 0x0000000100000000)
  region size 1024K, 50 young (51200K), 2 survivors (2048K)
 Metaspace       used 126519K, capacity 129674K, committed 129872K, reserved 1163264K
  class space    used 15622K, capacity 16851K, committed 16896K, reserved 1048576K
}
Event: 2180.532 GC heap after
{Heap after GC invocations=45 (full 0):
 garbage-first heap   total 225280K, used 117595K [0x0000000080000000, 0x0000000100000000)
  region size 1024K, 3 young (3072K), 3 survivors (3072K)
 Metaspace       used 126519K, capacity 129674K, committed 129872K, reserved 1163264K
  class space    used 15622K, capacity 16851K, committed 16896K, reserved 1048576K
}
Event: 2233.817 GC heap before
{Heap before GC invocations=45 (full 0):
 garbage-first heap   total 225280K, used 143195K [0x0000000080000000, 0x0000000100000000)
  region size 1024K, 11 young (11264K), 3 survivors (3072K)
 Metaspace       used 126685K, capacity 129899K, committed 130128K, reserved 1163264K
  class space    used 15647K, capacity 16883K, committed 16896K, reserved 1048576K
}
Event: 2233.868 GC heap after
{Heap after GC invocations=46 (full 0):
 garbage-first heap   total 225280K, used 107887K [0x0000000080000000, 0x0000000100000000)
  region size 1024K, 1 young (1024K), 1 survivors (1024K)
 Metaspace       used 126685K, capacity 129899K, committed 130128K, reserved 1163264K
  class space    used 15647K, capacity 16883K, committed 16896K, reserved 1048576K
}
Event: 3639.080 GC heap before
{Heap before GC invocations=46 (full 0):
 garbage-first heap   total 225280K, used 163183K [0x0000000080000000, 0x0000000100000000)
  region size 1024K, 56 young (57344K), 1 survivors (1024K)
 Metaspace       used 126960K, capacity 130236K, committed 130512K, reserved 1163264K
  class space    used 15665K, capacity 16914K, committed 17024K, reserved 1048576K
}
Event: 3639.118 GC heap after
{Heap after GC invocations=47 (full 0):
 garbage-first heap   total 225280K, used 110925K [0x0000000080000000, 0x0000000100000000)
  region size 1024K, 4 young (4096K), 4 survivors (4096K)
 Metaspace       used 126960K, capacity 130236K, committed 130512K, reserved 1163264K
  class space    used 15665K, capacity 16914K, committed 17024K, reserved 1048576K
}
Event: 3642.166 GC heap before
{Heap before GC invocations=47 (full 0):
 garbage-first heap   total 225280K, used 149837K [0x0000000080000000, 0x0000000100000000)
  region size 1024K, 44 young (45056K), 4 survivors (4096K)
 Metaspace       used 127197K, capacity 130429K, committed 130768K, reserved 1163264K
  class space    used 15672K, capacity 16927K, committed 17024K, reserved 1048576K
}
Event: 3642.187 GC heap after
{Heap after GC invocations=48 (full 0):
 garbage-first heap   total 225280K, used 116180K [0x0000000080000000, 0x0000000100000000)
  region size 1024K, 8 young (8192K), 8 survivors (8192K)
 Metaspace       used 127197K, capacity 130429K, committed 130768K, reserved 1163264K
  class space    used 15672K, capacity 16927K, committed 17024K, reserved 1048576K
}
Event: 3650.691 GC heap before
{Heap before GC invocations=49 (full 0):
 garbage-first heap   total 225280K, used 171476K [0x0000000080000000, 0x0000000100000000)
  region size 1024K, 63 young (64512K), 8 survivors (8192K)
 Metaspace       used 127455K, capacity 130734K, committed 131024K, reserved 1163264K
  class space    used 15664K, capacity 16913K, committed 17024K, reserved 1048576K
}
Event: 3650.750 GC heap after
{Heap after GC invocations=50 (full 0):
 garbage-first heap   total 225280K, used 123060K [0x0000000080000000, 0x0000000100000000)
  region size 1024K, 7 young (7168K), 7 survivors (7168K)
 Metaspace       used 127455K, capacity 130734K, committed 131024K, reserved 1163264K
  class space    used 15664K, capacity 16913K, committed 17024K, reserved 1048576K
}

